android/manifest-merger-release-report.txt
-- Merging decision tree log ---
manifest
ADDED from AndroidManifest.xml:2:1
	xmlns:android
		ADDED from AndroidManifest.xml:2:11
	package
		ADDED from AndroidManifest.xml:3:5
	android:versionName
		ADDED from AndroidManifest.xml:5:5
	android:versionCode
		ADDED from AndroidManifest.xml:4:5
		INJECTED from AndroidManifest.xml:0:0
		INJECTED from AndroidManifest.xml:0:0
uses-sdk
ADDED from AndroidManifest.xml:7:5
MERGED from com.android.support:multidex:1.0.0:18:5
MERGED from Shapes:BaseGameUtils:1.0:22:5
MERGED from com.android.support:appcompat-v7:20.0.0:16:5
MERGED from com.android.support:support-v4:23.1.0:20:5
MERGED from com.android.support:support-v4:23.1.0:20:5
MERGED from com.google.android.gms:play-services-games:8.1.0:18:5
MERGED from com.google.android.gms:play-services-base:8.1.0:18:5
MERGED from com.google.android.gms:play-services-basement:8.1.0:18:5
MERGED from com.android.support:support-v4:23.1.0:20:5
MERGED from com.google.android.gms:play-services-drive:8.1.0:18:5
MERGED from com.google.android.gms:play-services-base:8.1.0:18:5
MERGED from com.google.android.gms:play-services-basement:8.1.0:18:5
MERGED from com.android.support:support-v4:23.1.0:20:5
MERGED from com.google.android.gms:play-services-plus:8.1.0:18:5
MERGED from com.google.android.gms:play-services-base:8.1.0:18:5
MERGED from com.google.android.gms:play-services-basement:8.1.0:18:5
MERGED from com.android.support:support-v4:23.1.0:20:5
MERGED from com.google.android.gms:play-services-ads:8.1.0:23:5
MERGED from com.google.android.gms:play-services-basement:8.1.0:18:5
MERGED from com.android.support:support-v4:23.1.0:20:5
MERGED from com.google.android.gms:play-services-appindexing:8.1.0:18:5
MERGED from com.google.android.gms:play-services-basement:8.1.0:18:5
MERGED from com.android.support:support-v4:23.1.0:20:5
MERGED from com.google.android.gms:play-services-analytics:8.1.0:18:5
MERGED from com.google.android.gms:play-services-basement:8.1.0:18:5
MERGED from com.android.support:support-v4:23.1.0:20:5
MERGED from com.google.android.gms:play-services-ads:8.1.0:23:5
MERGED from com.google.android.gms:play-services-basement:8.1.0:18:5
MERGED from com.android.support:support-v4:23.1.0:20:5
MERGED from com.google.android.gms:play-services-appindexing:8.1.0:18:5
MERGED from com.google.android.gms:play-services-basement:8.1.0:18:5
MERGED from com.android.support:support-v4:23.1.0:20:5
MERGED from com.android.support:support-v4:23.1.0:20:5
	android:targetSdkVersion
		ADDED from AndroidManifest.xml:9:9
	android:minSdkVersion
		ADDED from AndroidManifest.xml:8:9
uses-permission#android.permission.INTERNET
ADDED from AndroidManifest.xml:11:5
MERGED from com.google.android.gms:play-services-ads:8.1.0:20:5
MERGED from com.google.android.gms:play-services-analytics:8.1.0:21:5
MERGED from com.google.android.gms:play-services-ads:8.1.0:20:5
	android:name
		ADDED from AndroidManifest.xml:11:22
uses-permission#android.permission.ACCESS_NETWORK_STATE
ADDED from AndroidManifest.xml:12:5
MERGED from com.google.android.gms:play-services-ads:8.1.0:21:5
MERGED from com.google.android.gms:play-services-analytics:8.1.0:22:5
MERGED from com.google.android.gms:play-services-ads:8.1.0:21:5
	android:name
		ADDED from AndroidManifest.xml:12:22
application
ADDED from AndroidManifest.xml:14:5
MERGED from Shapes:BaseGameUtils:1.0:30:5
MERGED from com.android.support:appcompat-v7:20.0.0:17:5
MERGED from com.android.support:support-v4:23.1.0:22:5
MERGED from com.android.support:support-v4:23.1.0:22:5
MERGED from com.google.android.gms:play-services-games:8.1.0:19:5
MERGED from com.google.android.gms:play-services-basement:8.1.0:20:5
MERGED from com.android.support:support-v4:23.1.0:22:5
MERGED from com.google.android.gms:play-services-drive:8.1.0:19:5
MERGED from com.google.android.gms:play-services-basement:8.1.0:20:5
MERGED from com.android.support:support-v4:23.1.0:22:5
MERGED from com.google.android.gms:play-services-plus:8.1.0:19:5
MERGED from com.google.android.gms:play-services-basement:8.1.0:20:5
MERGED from com.android.support:support-v4:23.1.0:22:5
MERGED from com.google.android.gms:play-services-ads:8.1.0:24:5
MERGED from com.google.android.gms:play-services-basement:8.1.0:20:5
MERGED from com.android.support:support-v4:23.1.0:22:5
MERGED from com.google.android.gms:play-services-appindexing:8.1.0:19:5
MERGED from com.google.android.gms:play-services-basement:8.1.0:20:5
MERGED from com.android.support:support-v4:23.1.0:22:5
MERGED from com.google.android.gms:play-services-analytics:8.1.0:24:5
MERGED from com.google.android.gms:play-services-basement:8.1.0:20:5
MERGED from com.android.support:support-v4:23.1.0:22:5
MERGED from com.google.android.gms:play-services-ads:8.1.0:24:5
MERGED from com.google.android.gms:play-services-basement:8.1.0:20:5
MERGED from com.android.support:support-v4:23.1.0:22:5
MERGED from com.google.android.gms:play-services-appindexing:8.1.0:19:5
MERGED from com.google.android.gms:play-services-basement:8.1.0:20:5
MERGED from com.android.support:support-v4:23.1.0:22:5
MERGED from com.android.support:support-v4:23.1.0:22:5
	android:label
		ADDED from AndroidManifest.xml:17:9
	android:allowBackup
		ADDED from AndroidManifest.xml:15:9
	android:icon
		ADDED from AndroidManifest.xml:16:9
	android:theme
		ADDED from AndroidManifest.xml:18:9
activity#com.madtriangle.fallingdots.AndroidLauncher
ADDED from AndroidManifest.xml:19:9
	android:screenOrientation
		ADDED from AndroidManifest.xml:23:13
	android:label
		ADDED from AndroidManifest.xml:22:13
	android:configChanges
		ADDED from AndroidManifest.xml:21:13
	android:name
		ADDED from AndroidManifest.xml:20:13
intent-filter#android.intent.action.MAIN+android.intent.category.LAUNCHER
ADDED from AndroidManifest.xml:24:13
action#android.intent.action.MAIN
ADDED from AndroidManifest.xml:25:17
	android:name
		ADDED from AndroidManifest.xml:25:25
category#android.intent.category.LAUNCHER
ADDED from AndroidManifest.xml:27:17
	android:name
		ADDED from AndroidManifest.xml:27:27
meta-data#com.google.android.gms.version
ADDED from AndroidManifest.xml:31:9
MERGED from com.google.android.gms:play-services-basement:8.1.0:21:9
MERGED from com.google.android.gms:play-services-basement:8.1.0:21:9
MERGED from com.google.android.gms:play-services-basement:8.1.0:21:9
MERGED from com.google.android.gms:play-services-basement:8.1.0:21:9
MERGED from com.google.android.gms:play-services-basement:8.1.0:21:9
MERGED from com.google.android.gms:play-services-basement:8.1.0:21:9
MERGED from com.google.android.gms:play-services-basement:8.1.0:21:9
MERGED from com.google.android.gms:play-services-basement:8.1.0:21:9
	android:name
		ADDED from AndroidManifest.xml:32:13
	android:value
		ADDED from AndroidManifest.xml:33:13
meta-data#com.google.android.gms.games.APP_ID
ADDED from AndroidManifest.xml:34:9
	android:name
		ADDED from AndroidManifest.xml:35:13
	android:value
		ADDED from AndroidManifest.xml:36:13
activity#com.google.android.gms.ads.AdActivity
ADDED from AndroidManifest.xml:38:9
MERGED from com.google.android.gms:play-services-ads:8.1.0:26:9
MERGED from com.google.android.gms:play-services-ads:8.1.0:26:9
	android:configChanges
		ADDED from AndroidManifest.xml:40:13
	android:theme
		ADDED from com.google.android.gms:play-services-ads:8.1.0:29:13
	android:name
		ADDED from AndroidManifest.xml:39:13
meta-data#unityplayer.ForwardNativeEventsToDalvik
ADDED from Shapes:BaseGameUtils:1.0:26:5
	android:name
		ADDED from Shapes:BaseGameUtils:1.0:27:9
	android:value
		ADDED from Shapes:BaseGameUtils:1.0:28:9
activity#com.google.android.gms.ads.purchase.InAppPurchaseActivity
ADDED from com.google.android.gms:play-services-ads:8.1.0:30:9
MERGED from com.google.android.gms:play-services-ads:8.1.0:30:9
	android:theme
		ADDED from com.google.android.gms:play-services-ads:8.1.0:31:13
	android:name
		ADDED from com.google.android.gms:play-services-ads:8.1.0:30:19